app/build/outputs/logs/manifest-merger-debug-report.txt
-- Merging decision tree log ---
manifest
ADDED from src\main\AndroidManifest.xml:2:1-16:12
	package
		ADDED from src\main\AndroidManifest.xml:4:3-46
		INJECTED from src\main\AndroidManifest.xml
		INJECTED from src\main\AndroidManifest.xml
	android:versionName
		ADDED from src\main\AndroidManifest.xml:6:3-28
		INJECTED from src\main\AndroidManifest.xml
		INJECTED from src\main\AndroidManifest.xml
	android:versionCode
		ADDED from src\main\AndroidManifest.xml:5:3-26
		INJECTED from src\main\AndroidManifest.xml
		INJECTED from src\main\AndroidManifest.xml
	xmlns:android
		ADDED from src\main\AndroidManifest.xml:3:3-61
uses-sdk
ADDED from src\main\AndroidManifest.xml:7:5-73
	android:targetSdkVersion
		ADDED from src\main\AndroidManifest.xml:7:15-44
		INJECTED from src\main\AndroidManifest.xml
		INJECTED from src\main\AndroidManifest.xml
	android:minSdkVersion
		ADDED from src\main\AndroidManifest.xml:7:45-71
		INJECTED from src\main\AndroidManifest.xml
		INJECTED from src\main\AndroidManifest.xml
application
ADDED from src\main\AndroidManifest.xml:8:3-15:17
	android:label
		ADDED from src\main\AndroidManifest.xml:8:16-48
	android:icon
		ADDED from src\main\AndroidManifest.xml:8:49-85
activity#com.jogamp.examples.simpleandroid.MainActivity
ADDED from src\main\AndroidManifest.xml:9:5-14:16
	android:label
		ADDED from src\main\AndroidManifest.xml:9:43-75
	android:name
		ADDED from src\main\AndroidManifest.xml:9:15-42
intent-filter#android.intent.action.MAIN+android.intent.category.LAUNCHER
ADDED from src\main\AndroidManifest.xml:10:7-13:23
action#android.intent.action.MAIN
ADDED from src\main\AndroidManifest.xml:11:9-61
	android:name
		ADDED from src\main\AndroidManifest.xml:11:17-58
category#android.intent.category.LAUNCHER
ADDED from src\main\AndroidManifest.xml:12:9-69
	android:name
		ADDED from src\main\AndroidManifest.xml:12:19-66